query_00000.grf 132114930
query_00001.grf 624
query_00002.grf 3330
query_00003.grf 1496880
query_00004.grf 33828300
query_00005.grf 31080
query_00006.grf 12907140
query_00007.grf 25488
query_00008.grf 1109696
query_00009.grf 10192
query_00010.grf 5843376
query_00011.grf 727056
query_00012.grf 30456
query_00013.grf 67620
query_00014.grf 2448280
query_00015.grf 630
query_00016.grf 2798016
query_00017.grf 354660480
query_00018.grf 2414516064
query_00019.grf 133920
query_00020.grf 720
query_00021.grf 14359554
query_00022.grf 708664320
query_00023.grf 479369376
query_00024.grf 75600
query_00025.grf 58320
query_00026.grf 2988001344
query_00027.grf 6000
query_00028.grf 225847680
query_00029.grf 123715200
query_00030.grf 111536320
query_00031.grf 757421280
query_00032.grf 378840
query_00033.grf 1809900
query_00034.grf 287136192
query_00035.grf 36688680
query_00036.grf 397725140
query_00037.grf 188632
query_00038.grf 138682368
query_00039.grf 409537280
query_00040.grf 27648000
query_00041.grf 22641920
query_00042.grf 94273200
query_00043.grf 1680
query_00044.grf 1125180
query_00045.grf 1999872000
query_00046.grf 249600
query_00047.grf 443520
query_00048.grf 1515153600
query_00049.grf 4608000
query_00050.grf 464
query_00051.grf 907776
query_00052.grf 400752
query_00053.grf 1750748544
query_00054.grf 205056
query_00055.grf 2672368321
query_00056.grf 705519060
query_00057.grf 130603384
query_00058.grf 199320
query_00059.grf 262632
query_00060.grf 32975532
query_00061.grf 4325792
query_00062.grf 1435185984
query_00063.grf 5184
query_00064.grf 7235200
query_00065.grf 53136000
query_00066.grf 382979520
query_00067.grf 709920
query_00068.grf 140
query_00069.grf 151200
query_00070.grf 590760
query_00071.grf 40208400
query_00072.grf 13888
query_00073.grf 209232720
query_00074.grf 42611184
query_00075.grf 48114000
query_00076.grf 32102400
query_00077.grf 174255840
query_00078.grf 2462034960
query_00079.grf 1848960
query_00080.grf 257280
query_00081.grf 9103752
query_00082.grf 262548
query_00083.grf 1900800
query_00084.grf 1544256
query_00085.grf 815471
query_00086.grf 25248
query_00087.grf 76704
query_00088.grf 7466400
query_00089.grf 3982376160
query_00090.grf 8734080
query_00091.grf 8942400
query_00092.grf 6690420
query_00093.grf 76776
query_00094.grf 2544000
query_00095.grf 623808
query_00096.grf 1799280
query_00097.grf 2618928
query_00098.grf 38880
query_00099.grf 54432000
query_00100.grf 5575680
query_00101.grf 387636480
query_00102.grf 605056
query_00103.grf 1593112
query_00104.grf 1738268
query_00105.grf 75470400
query_00106.grf 77840
query_00107.grf 378473472
query_00108.grf 17280
query_00109.grf 8280
query_00110.grf 34247040
query_00111.grf 22186848
query_00112.grf 3928056
query_00113.grf 301745920
query_00114.grf 19910016
query_00115.grf 44675712
query_00116.grf 5322240
query_00117.grf 121196160
query_00118.grf 257142732
query_00119.grf 163369920
query_00120.grf 645276
query_00121.grf 21060
query_00122.grf 13986
query_00123.grf 56204280
query_00124.grf 6203736
query_00125.grf 198525600
query_00126.grf 219393132
query_00127.grf 14031360
query_00128.grf 5508
query_00129.grf 706995520
query_00130.grf 1416102912
query_00131.grf 226527
query_00132.grf 181632
query_00133.grf 20724336
query_00134.grf 240340036
query_00135.grf 414720
query_00136.grf 869680
query_00137.grf 14223816
query_00138.grf 144
query_00139.grf 1842012
query_00140.grf 27187200
query_00141.grf 3150
query_00142.grf 67200
query_00143.grf 17280
query_00144.grf 294865920
query_00145.grf 2395520
query_00146.grf 957576
query_00147.grf 1198673830
query_00148.grf 1560
query_00149.grf 29912688
query_00150.grf 9721088
query_00151.grf 30608424
query_00152.grf 13106688
query_00153.grf 2653581216
query_00154.grf 489888
query_00155.grf 1020404
query_00156.grf 9936
query_00157.grf 39102
query_00158.grf 667980000
query_00159.grf 109146240
query_00160.grf 236488680
query_00161.grf 5499840
query_00162.grf 4732392
query_00163.grf 6981120
query_00164.grf 2518200
query_00165.grf 12921216
query_00166.grf 130976368
query_00167.grf 592
query_00168.grf 68213440
query_00169.grf 1536480
query_00170.grf 46244352
query_00171.grf 14777680
query_00172.grf 84800
query_00173.grf 483072
query_00174.grf 120225600
query_00175.grf 7884800
query_00176.grf 9529760
query_00177.grf 44426660
query_00178.grf 25394648
query_00179.grf 21832464
query_00180.grf 404352
query_00181.grf 150
query_00182.grf 504198408
query_00183.grf 68935680
query_00184.grf 945
query_00185.grf 12096000
query_00186.grf 691200
query_00187.grf 2376
query_00188.grf 8316
query_00189.grf 20
query_00190.grf 748043868
query_00191.grf 4160
query_00192.grf 266640288
query_00193.grf 535500
query_00194.grf 300220836
query_00195.grf 17574288
query_00196.grf 1423454200
query_00197.grf 850400
query_00198.grf 1383438
query_00199.grf 69120
query_00200.grf 76032
query_00201.grf 1031208
query_00202.grf 2607415200
query_00203.grf 4848
query_00204.grf 46933028
query_00205.grf 258832800
query_00206.grf 900
query_00207.grf 215804160
query_00208.grf 108498
query_00209.grf 116640
query_00210.grf 1116720
query_00211.grf 15925248
query_00212.grf 84717360
query_00213.grf 155520
query_00214.grf 68849028
query_00215.grf 801600
query_00216.grf 3564000
query_00217.grf 306856
query_00218.grf 1188666
query_00219.grf 30240
query_00220.grf 95266368
query_00221.grf 1967200
query_00222.grf 106375680
query_00223.grf 374630400
query_00224.grf 921757212
query_00225.grf 1042005888
query_00226.grf 41226
query_00227.grf 30964
query_00228.grf 113804
query_00229.grf 1220
query_00230.grf 433092
query_00231.grf 149040
query_00232.grf 408844800
query_00233.grf 4769280
query_00234.grf 2208
query_00235.grf 190080
query_00236.grf 180
query_00237.grf 6368256
query_00238.grf 1167264
query_00239.grf 220527360
query_00240.grf 13815360
query_00241.grf 1933968960
query_00242.grf 2282280
query_00243.grf 444165120
query_00244.grf 1800
query_00245.grf 27094656
query_00246.grf 577056480
query_00247.grf 50040
query_00248.grf 11634
query_00249.grf 242309704
query_00250.grf 49584
query_00251.grf 6552
query_00252.grf 484704
query_00253.grf 130809600
query_00254.grf 38650428
query_00255.grf 1798392600
query_00256.grf 127880
query_00257.grf 8648640
query_00258.grf 526901760
query_00259.grf 38232
query_00260.grf 104734152
query_00261.grf 185328
query_00262.grf 120084
query_00263.grf 38564288
query_00264.grf 25404420
query_00265.grf 515006112
query_00266.grf 17700417
query_00267.grf 17335296
query_00268.grf 666649368
query_00269.grf 257400
query_00270.grf 1389850000
query_00271.grf 161280
query_00272.grf 29376
query_00273.grf 1072614936
query_00274.grf 9840
query_00275.grf 87783696
query_00276.grf 16970
query_00277.grf 130527936
query_00278.grf 95756160
query_00279.grf 254016
query_00280.grf 100016280
query_00281.grf 8712
query_00282.grf 146294436
query_00283.grf 7070400
query_00284.grf 24852096
query_00285.grf 5097600
query_00286.grf 1828008
query_00287.grf 19278000
query_00288.grf 174240
query_00289.grf 62310
query_00290.grf 38974320
query_00291.grf 80625792
query_00292.grf 2496
query_00293.grf 173702760
query_00294.grf 9418752
query_00295.grf 26400
query_00296.grf 484176
query_00297.grf 24320
query_00298.grf 39984
query_00299.grf 199415034
