query_00000.grf 6840
query_00001.grf 12843052992
query_00002.grf 5120
query_00003.grf 3736274688
query_00004.grf 598400
query_00005.grf 26575718400
query_00006.grf 15379444080
query_00007.grf 355946976
query_00008.grf 5124319200
query_00009.grf 6084688896
query_00010.grf 12248505080
query_00011.grf 6805632
query_00012.grf 808315200
query_00013.grf 1778247240
query_00014.grf 13668480
query_00015.grf 341127072
query_00016.grf 19955655720
query_00017.grf 3704400
query_00018.grf 55933920
query_00019.grf 1034087040
query_00020.grf 8977915216
query_00021.grf 53076870
query_00022.grf 30108672
query_00023.grf 5760000
query_00024.grf 15426662400
query_00025.grf 36832320
query_00026.grf 256132800
query_00027.grf 2540814336
query_00028.grf 49648480
query_00029.grf 268240896
query_00030.grf 348600000
query_00031.grf 13219200
query_00032.grf 96465888
query_00033.grf 221108400
query_00034.grf 111915648
query_00035.grf 18776160
query_00036.grf 2092896
query_00037.grf 6572000
query_00038.grf 124845840
query_00039.grf 8553600
query_00040.grf 1803746880
query_00041.grf 558751680
query_00042.grf 1532224512
query_00043.grf 14037811200
query_00044.grf 4762800000
query_00045.grf 7832740500
query_00046.grf 7089223680
query_00047.grf 42969503808
query_00048.grf 2413515888
query_00049.grf 252927360
query_00050.grf 1172828160
query_00051.grf 64696320
query_00052.grf 3062678616
query_00053.grf 100590336
query_00054.grf 752025600
query_00055.grf 371796480
query_00056.grf 748500480
query_00057.grf 56174400
query_00058.grf 1874400
query_00059.grf 1215095424
query_00060.grf 760241664
query_00061.grf 3616980480
query_00062.grf 566507520
query_00063.grf 679311360
query_00064.grf 30430800
query_00065.grf 3558874320
query_00066.grf 179036160
query_00067.grf 7498260480
query_00068.grf 1870387200
query_00069.grf 641908800
query_00070.grf 26199936
query_00071.grf 334803456
query_00072.grf 59156625528
query_00073.grf 113356584
query_00074.grf 322682880
query_00075.grf 103866048
query_00076.grf 39679815168
query_00077.grf 251596800
query_00078.grf 8089200
query_00079.grf 14469840
query_00080.grf 16977920
query_00081.grf 2094597120
query_00082.grf 386724024
query_00083.grf 447535296
query_00084.grf 321359360
query_00085.grf 24610560
query_00086.grf 49085952
query_00087.grf 16676352
query_00088.grf 992286720
query_00089.grf 4252250160
query_00090.grf 35100864
query_00091.grf 68705280
query_00092.grf 940087296
query_00093.grf 663616800
query_00094.grf 552960
query_00095.grf 18299904
query_00096.grf 83381760
query_00097.grf 39564288
query_00098.grf 3280896
query_00099.grf 33048000
query_00100.grf 1631106450
query_00101.grf 168164640
query_00102.grf 97574400
query_00103.grf 4556127744
query_00104.grf 5596905600
query_00105.grf 3335486472
query_00106.grf 525530880
query_00107.grf 265245696
query_00108.grf 852871680
query_00109.grf 151649280
query_00110.grf 24729600
query_00111.grf 1996427520
query_00112.grf 5332158720
query_00113.grf 45003420
query_00114.grf 307419840
query_00115.grf 60825600
query_00116.grf 119232000
query_00117.grf 789264
query_00118.grf 319664880
query_00119.grf 815947776
query_00120.grf 3357010944
query_00121.grf 198576000
query_00122.grf 240926400
query_00123.grf 494678016
query_00124.grf 9150976
query_00125.grf 26421018624
query_00126.grf 5624640
query_00127.grf 5900996640
query_00128.grf 3310542576
query_00129.grf 2691440640
query_00130.grf 697614336
query_00131.grf 2785697792
query_00132.grf 6342336
query_00133.grf 115542000
query_00134.grf 2220825600
query_00135.grf 158569488
query_00136.grf 605090304
query_00137.grf 7879680
query_00138.grf 1559729520
query_00139.grf 3325639680
query_00140.grf 1405537920
query_00141.grf 226022400
query_00142.grf 2612903296
query_00143.grf 4934924544
query_00144.grf 36990720
query_00145.grf 5342040
query_00146.grf 494047008
query_00147.grf 420526080
query_00148.grf 7166448
query_00149.grf 609120
query_00150.grf 296690688
query_00151.grf 368572848
query_00152.grf 443418624
query_00153.grf 2642042880
query_00154.grf 2211840
query_00155.grf 8864640
query_00156.grf 18552960
query_00157.grf 2573641728
query_00158.grf 1863000
query_00159.grf 1470425280
query_00160.grf 3595737600
query_00161.grf 235146240
query_00162.grf 456192000
query_00163.grf 2405376
query_00164.grf 12957840
query_00165.grf 8294400
query_00166.grf 1025722880
query_00167.grf 34351903872
query_00168.grf 11383822080
query_00169.grf 866693520
query_00170.grf 795046560
query_00171.grf 341107200
query_00172.grf 5173560
query_00173.grf 334009728
query_00174.grf 31072896
query_00175.grf 14860800
query_00176.grf 276480
query_00177.grf 2024555520
query_00178.grf 28449792
query_00179.grf 12009600
query_00180.grf 201277440
query_00181.grf 663830280
query_00182.grf 1158151680
query_00183.grf 241488000
query_00184.grf 17926272
query_00185.grf 589311360
query_00186.grf 8491392
query_00187.grf 283951360
query_00188.grf 1728010368
query_00189.grf 721612800
query_00190.grf 332164800
query_00191.grf 8071370496
query_00192.grf 4454240
query_00193.grf 5052284928
query_00194.grf 7171200
query_00195.grf 110688480
query_00196.grf 3515642388
query_00197.grf 1070526080
query_00198.grf 59593440
query_00199.grf 217002240
query_00200.grf 1591603200
query_00201.grf 606816000
query_00202.grf 9442699200
query_00203.grf 5131104000
query_00204.grf 30888000
query_00205.grf 2341785600
query_00206.grf 4262400
query_00207.grf 11499630912
query_00208.grf 10672200
query_00209.grf 3984864000
query_00210.grf 5370281400
query_00211.grf 41115939840
query_00212.grf 3649363200
query_00213.grf 249984000
query_00214.grf 6912000
query_00215.grf 10491120
query_00216.grf 1249975104
query_00217.grf 18662400
query_00218.grf 690526944
query_00219.grf 1834560
query_00220.grf 898007040
query_00221.grf 27533491200
query_00222.grf 140800
query_00223.grf 2725079760
query_00224.grf 2775306464
query_00225.grf 14336000
query_00226.grf 10504589760
query_00227.grf 36593640
query_00228.grf 91392000
query_00229.grf 26042520
query_00230.grf 120764400
query_00231.grf 719093760
query_00232.grf 2624353920
query_00233.grf 4173840000
query_00234.grf 107606016
query_00235.grf 748984320
query_00236.grf 1852790016
query_00237.grf 9926784
query_00238.grf 1126360800
query_00239.grf 530634240
query_00240.grf 28870560
query_00241.grf 2180632320
query_00242.grf 27918000
query_00243.grf 1095316992
query_00244.grf 177321600
query_00245.grf 1535245060
query_00246.grf 63745920
query_00247.grf 1418342400
query_00248.grf 445536000
query_00249.grf 15482880
query_00250.grf 2654727936
query_00251.grf 602112
query_00252.grf 93096000
query_00253.grf 4296600000
query_00254.grf 65995200
query_00255.grf 840891456
query_00256.grf 4810050000
query_00257.grf 1869880320
query_00258.grf 1393920
query_00259.grf 1380084480
query_00260.grf 53415936
query_00261.grf 17280
query_00262.grf 725459328
query_00263.grf 5175752400
query_00264.grf 36022812672
query_00265.grf 254469600
query_00266.grf 2501452800
query_00267.grf 610029000
query_00268.grf 36417600
query_00269.grf 1548288000
query_00270.grf 723945600
query_00271.grf 41696256
query_00272.grf 403341120
query_00273.grf 22394880
query_00274.grf 1708646400
query_00275.grf 222014208
query_00276.grf 4419372672
query_00277.grf 520346112
query_00278.grf 560105280
query_00279.grf 276480
query_00280.grf 337144080
query_00281.grf 571485600
query_00282.grf 2433602745
query_00283.grf 110592
query_00284.grf 21952406160
query_00285.grf 54688251456
query_00286.grf 3958100640
query_00287.grf 316574023680
query_00288.grf 315055872
query_00289.grf 2771366400
query_00290.grf 69286944
query_00291.grf 679104
query_00292.grf 98304
query_00293.grf 990662400
query_00294.grf 232680
query_00295.grf 2214477824
query_00296.grf 275040000
query_00297.grf 1766476800
query_00298.grf 1305536400
query_00299.grf 1762992000
