query_00000.grf 3384188
query_00001.grf 779520
query_00002.grf 296
query_00003.grf 476
query_00004.grf 2630
query_00005.grf 13531790
query_00006.grf 392040
query_00007.grf 7178
query_00008.grf 63
query_00009.grf 111410292
query_00010.grf 24
query_00011.grf 288
query_00012.grf 94038430
query_00013.grf 190
query_00014.grf 21528
query_00015.grf 150
query_00016.grf 328145
query_00017.grf 1205352
query_00018.grf 2520
query_00019.grf 264
query_00020.grf 7524
query_00021.grf 2976730
query_00022.grf 101808
query_00023.grf 24328
query_00024.grf 1267720
query_00025.grf 87352
query_00026.grf 1603008
query_00027.grf 304
query_00028.grf 309454339
query_00029.grf 40
query_00030.grf 974411154
query_00031.grf 23544
query_00032.grf 4199062
query_00033.grf 7981803
query_00034.grf 120
query_00035.grf 7960
query_00036.grf 96
query_00037.grf 12
query_00038.grf 12890
query_00039.grf 108000
query_00040.grf 96
query_00041.grf 5946980
query_00042.grf 9559017
query_00043.grf 8514
query_00044.grf 2809244
query_00045.grf 159344
query_00046.grf 19912
query_00047.grf 1750
query_00048.grf 4
query_00049.grf 1701600
query_00050.grf 349440
query_00051.grf 64350
query_00052.grf 4312500
query_00053.grf 1242612
query_00054.grf 450796204
query_00055.grf 108
query_00056.grf 3759098
query_00057.grf 150150
query_00058.grf 72539464
query_00059.grf 140
query_00060.grf 549403
query_00061.grf 1485
query_00062.grf 24
query_00063.grf 84612
query_00064.grf 560
query_00065.grf 15
query_00066.grf 169171
query_00067.grf 2103144
query_00068.grf 1546851849
query_00069.grf 234
query_00070.grf 762800
query_00071.grf 339897600
query_00072.grf 55907424
query_00073.grf 12000
query_00074.grf 15624
query_00075.grf 17073120
query_00076.grf 117137044
query_00077.grf 3591768
query_00078.grf 196932
query_00079.grf 760
query_00080.grf 2160
query_00081.grf 718016
query_00082.grf 19051200
query_00083.grf 64
query_00084.grf 2304
query_00085.grf 208
query_00086.grf 8064
query_00087.grf 3464
query_00088.grf 111930
query_00089.grf 8732
query_00090.grf 182
query_00091.grf 3746760
query_00092.grf 20310
query_00093.grf 6
query_00094.grf 130183592
query_00095.grf 244
query_00096.grf 2500980
query_00097.grf 1117920
query_00098.grf 192
query_00099.grf 176917
query_00100.grf 412240
query_00101.grf 1500
query_00102.grf 935336
query_00103.grf 314412
query_00104.grf 700
query_00105.grf 38930
query_00106.grf 339720
query_00107.grf 145944
query_00108.grf 131564206
query_00109.grf 11643424
query_00110.grf 2947
query_00111.grf 3098976
query_00112.grf 7710
query_00113.grf 4721310
query_00114.grf 16
query_00115.grf 995320
query_00116.grf 23234
query_00117.grf 21060
query_00118.grf 4
query_00119.grf 622320
query_00120.grf 67672
query_00121.grf 10500
query_00122.grf 73274314
query_00123.grf 153160
query_00124.grf 8448
query_00125.grf 540
query_00126.grf 990972
query_00127.grf 44
query_00128.grf 984000
query_00129.grf 41130
query_00130.grf 3081
query_00131.grf 23208
query_00132.grf 2822084
query_00133.grf 504
query_00134.grf 24000
query_00135.grf 2592
query_00136.grf 486065
query_00137.grf 398
query_00138.grf 1580549368
query_00139.grf 5675
query_00140.grf 123
query_00141.grf 384
query_00142.grf 5459216
query_00143.grf 54897
query_00144.grf 6056820
query_00145.grf 48060
query_00146.grf 157181264
query_00147.grf 7900
query_00148.grf 1263
query_00149.grf 384
query_00150.grf 50418364
query_00151.grf 118134912
query_00152.grf 12
query_00153.grf 644400
query_00154.grf 11000
query_00155.grf 1237
query_00156.grf 27972
query_00157.grf 15275
query_00158.grf 1080
query_00159.grf 329536
query_00160.grf 6
query_00161.grf 1402
query_00162.grf 10608
query_00163.grf 22680
query_00164.grf 6215510
query_00165.grf 106776
query_00166.grf 648
query_00167.grf 28224
query_00168.grf 42541978
query_00169.grf 45360
query_00170.grf 6200
query_00171.grf 249326822
query_00172.grf 15
query_00173.grf 10028
query_00174.grf 202912
query_00175.grf 1071600
query_00176.grf 9000
query_00177.grf 35223390
query_00178.grf 52
query_00179.grf 125714
query_00180.grf 40
query_00181.grf 401274246
query_00182.grf 160
query_00183.grf 336
query_00184.grf 1596518558
query_00185.grf 29
query_00186.grf 234640
query_00187.grf 159233544
query_00188.grf 47724
query_00189.grf 44000
query_00190.grf 20
query_00191.grf 19650
query_00192.grf 1350336
query_00193.grf 121440
query_00194.grf 343866792
query_00195.grf 16893068
query_00196.grf 12
query_00197.grf 2303049
query_00198.grf 1468
query_00199.grf 250917
query_00200.grf 3276
query_00201.grf 168480
query_00202.grf 1950
query_00203.grf 1076208
query_00204.grf 3961044725
query_00205.grf 24
query_00206.grf 7962980
query_00207.grf 1666
query_00208.grf 115442778
query_00209.grf 6
query_00210.grf 712800
query_00211.grf 8
query_00212.grf 512672706
query_00213.grf 69
query_00214.grf 2146808
query_00215.grf 68
query_00216.grf 11291
query_00217.grf 3306
query_00218.grf 26964
query_00219.grf 622710
query_00220.grf 355943
query_00221.grf 268928
query_00222.grf 17122066
query_00223.grf 888514
query_00224.grf 772200
query_00225.grf 195300
query_00226.grf 12
query_00227.grf 4312938
query_00228.grf 1224000
query_00229.grf 672
query_00230.grf 1701
query_00231.grf 390
query_00232.grf 4115360
query_00233.grf 308
query_00234.grf 51465
query_00235.grf 34
query_00236.grf 227281152
query_00237.grf 14
query_00238.grf 20492
query_00239.grf 2913648
query_00240.grf 511
query_00241.grf 20900021
query_00242.grf 135
query_00243.grf 2720
query_00244.grf 752244
query_00245.grf 364
query_00246.grf 8717632
query_00247.grf 1643397196
query_00248.grf 147240
query_00249.grf 40101014
query_00250.grf 24
query_00251.grf 96
query_00252.grf 2940
query_00253.grf 456
query_00254.grf 173184447
query_00255.grf 48
query_00256.grf 7662888
query_00257.grf 1539515
query_00258.grf 172
query_00259.grf 131040
query_00260.grf 14430875
query_00261.grf 717387342
query_00262.grf 93600
query_00263.grf 836152
query_00264.grf 12000
query_00265.grf 3440
query_00266.grf 10304000
query_00267.grf 120
query_00268.grf 244026
query_00269.grf 19643232
query_00270.grf 1440
query_00271.grf 158732
query_00272.grf 37248
query_00273.grf 288
query_00274.grf 17544
query_00275.grf 2
query_00276.grf 860977872
query_00277.grf 432
query_00278.grf 7000
query_00279.grf 4158
query_00280.grf 5404
query_00281.grf 50577920
query_00282.grf 197334
query_00283.grf 1848
query_00284.grf 2703
query_00285.grf 6510358
query_00286.grf 28980361
query_00287.grf 23565
query_00288.grf 2741
query_00289.grf 657
query_00290.grf 2556120
query_00291.grf 240
query_00292.grf 118040
query_00293.grf 9
query_00294.grf 6213024
query_00295.grf 150224
query_00296.grf 4
query_00297.grf 420
query_00298.grf 6201984
query_00299.grf 913894
