query_00000.grf 6414336
query_00001.grf 1512000
query_00002.grf 454104000
query_00003.grf 793152000
query_00004.grf 21888
query_00005.grf 1213952000
query_00006.grf 20403290880
query_00007.grf 7358791680
query_00008.grf 1592524800
query_00009.grf 193812480
query_00010.grf 867041280
query_00011.grf 121651200
query_00012.grf 366970705920
query_00013.grf 29859840
query_00014.grf 4543838208
query_00015.grf 138839500800
query_00016.grf 713113632
query_00017.grf 98784000
query_00018.grf 4269957120
query_00019.grf 10701766656
query_00020.grf 654065664
query_00021.grf 21856665600
query_00022.grf 242926387200
query_00023.grf 5022950400
query_00024.grf 1002240
query_00025.grf 7554816
query_00026.grf 26738688
query_00027.grf 1815478272
query_00028.grf 22579200
query_00029.grf 64945152
query_00030.grf 666247680
query_00031.grf 1713438720
query_00032.grf 19121356800
query_00033.grf 138240
query_00034.grf 1103477760
query_00035.grf 53913600
query_00036.grf 12096
query_00037.grf 585252864
query_00038.grf 835591680
query_00039.grf 167731200
query_00040.grf 121296000
query_00041.grf 661071663360
query_00042.grf 700416
query_00043.grf 40194000
query_00044.grf 98295644160
query_00045.grf 6297668352
query_00046.grf 58180608
query_00047.grf 33699815424
query_00048.grf 216828057600
query_00049.grf 23040
query_00050.grf 1000771200
query_00051.grf 55351296
query_00052.grf 15409152
query_00053.grf 14213944800
query_00054.grf 874553400
query_00055.grf 48387456
query_00056.grf 42112
query_00057.grf 2668363776
query_00058.grf 3840
query_00059.grf 120960
query_00060.grf 10516746240
query_00061.grf 181964869632
query_00062.grf 90305280000
query_00063.grf 3898368
query_00064.grf 28311552
query_00065.grf 2103552
query_00066.grf 716525568
query_00067.grf 3379200
query_00068.grf 219623477760
query_00069.grf 206445625344
query_00070.grf 22256640000
query_00071.grf 9953280
query_00072.grf 1096653312
query_00073.grf 96918217200
query_00074.grf 19209830400
query_00075.grf 290118205440
query_00076.grf 851264225280
query_00077.grf 45546209280
query_00078.grf 113743872
query_00079.grf 211805798400
query_00080.grf 6298560
query_00081.grf 3019161600
query_00082.grf 3489868800
query_00083.grf 19008000
query_00084.grf 1455667200
query_00085.grf 45807980544
query_00086.grf 709632
query_00087.grf 246902526720
query_00088.grf 959745024
query_00089.grf 80890306560
query_00090.grf 5432832
query_00091.grf 384296140800
query_00092.grf 46656000
query_00093.grf 586045440
query_00094.grf 525312
query_00095.grf 141115392
query_00096.grf 13059193734
query_00097.grf 60963840000
query_00098.grf 73574400
query_00099.grf 20482177536
query_00100.grf 1833600
query_00101.grf 50112000
query_00102.grf 20951654400
query_00103.grf 2002752000
query_00104.grf 2331576576
query_00105.grf 348285173760
query_00106.grf 2509056
query_00107.grf 1837756416
query_00108.grf 8101969920
query_00109.grf 4478976
query_00110.grf 3167424
query_00111.grf 17434137600
query_00112.grf 8245440
query_00113.grf 1839366144
query_00114.grf 351891578880
query_00115.grf 15552000
query_00116.grf 22480416000
query_00117.grf 4652856000
query_00118.grf 107904000
query_00119.grf 47576678400
query_00120.grf 21790720
query_00121.grf 68976230400
query_00122.grf 940800
query_00123.grf 26112
query_00124.grf 135698042880
query_00125.grf 42296463360
query_00126.grf 107387596800
query_00127.grf 177147000000
query_00128.grf 4140564480
query_00129.grf 86690580480
query_00130.grf 139912012800
query_00131.grf 116379648
query_00132.grf 761318400
query_00133.grf 582266880
query_00134.grf 146045140992
query_00135.grf 59542560
query_00136.grf 1122508800
query_00137.grf 533332200960
query_00138.grf 32630400
query_00139.grf 108355387392
query_00140.grf 587520
query_00141.grf 19296921600
query_00142.grf 1013760
query_00143.grf 4644864
query_00144.grf 3386880
query_00145.grf 165888
query_00146.grf 64012032
query_00147.grf 361677312000
query_00148.grf 3386105856
query_00149.grf 54979430400
query_00150.grf 20984832000
query_00151.grf 35907379200
query_00152.grf 791949312
query_00153.grf 40449024
query_00154.grf 41472000
query_00155.grf 440640000
query_00156.grf 43008000
query_00157.grf 11520
query_00158.grf 1911029760
query_00159.grf 91411200
query_00160.grf 11595571200
query_00161.grf 33177600
query_00162.grf 29352960000
query_00163.grf 7166361600
query_00164.grf 30240
query_00165.grf 11185574400
query_00166.grf 5846400000
query_00167.grf 67584
query_00168.grf 17321859072
query_00169.grf 268595357184
query_00170.grf 9572544000
query_00171.grf 8540199360
query_00172.grf 2665728
query_00173.grf 931627008
query_00174.grf 447897600
query_00175.grf 82293719040
query_00176.grf 15942998016
query_00177.grf 274560
query_00178.grf 240471244800
query_00179.grf 552960000
query_00180.grf 26836992
query_00181.grf 3022848
query_00182.grf 7077888000
query_00183.grf 716636160
query_00184.grf 1053696
query_00185.grf 2471040
query_00186.grf 30179520
query_00187.grf 10962
query_00188.grf 518400
query_00189.grf 78137136000
query_00190.grf 5606832000
query_00191.grf 199584000
query_00192.grf 186624
query_00193.grf 25964064
query_00194.grf 6219840000
query_00195.grf 4828004352
query_00196.grf 77230080
query_00197.grf 106638336
query_00198.grf 2816640
query_00199.grf 479981568
query_00200.grf 210569103360
query_00201.grf 1950842880
query_00202.grf 176400
query_00203.grf 160675135488
query_00204.grf 108380160
query_00205.grf 22892544
query_00206.grf 16920576
query_00207.grf 9661317120
query_00208.grf 6159360
query_00209.grf 19305216000
query_00210.grf 5275238400
query_00211.grf 1950105600
query_00212.grf 6286896000
query_00213.grf 1290240
query_00214.grf 8194867200
query_00215.grf 311040
query_00216.grf 63938764800
query_00217.grf 222558451200
query_00218.grf 261631296
query_00219.grf 1461600
query_00220.grf 99532800
query_00221.grf 11179524096
query_00222.grf 155520000
query_00223.grf 30718310400
query_00224.grf 85492915200
query_00225.grf 462403952640
query_00226.grf 185167503360
query_00227.grf 336312000
query_00228.grf 15164331840
query_00229.grf 4055040
query_00230.grf 1196439552
query_00231.grf 34922496
query_00232.grf 40052288
query_00233.grf 572866560
query_00234.grf 7460093952
query_00235.grf 613122048
query_00236.grf 109983744000
query_00237.grf 908107200
query_00238.grf 4969589760
query_00239.grf 1406063232
query_00240.grf 299335680000
query_00241.grf 13478400000
query_00242.grf 242844480
query_00243.grf 360702720
query_00244.grf 1045094400
query_00245.grf 1094860800
query_00246.grf 4706989056
query_00247.grf 1672704
query_00248.grf 77414400
query_00249.grf 6550978560
query_00250.grf 56335564800
query_00251.grf 933120000
query_00252.grf 179233689600
query_00253.grf 3709506240
query_00254.grf 1114767360
query_00255.grf 23961600
query_00256.grf 1296103680
query_00257.grf 120637440
query_00258.grf 2851200
query_00259.grf 599961600
query_00260.grf 382919270400
query_00261.grf 185794560
query_00262.grf 81022032
query_00263.grf 100077120000
query_00264.grf 3962649600
query_00265.grf 24019255296
query_00266.grf 202103942400
query_00267.grf 8230118400
query_00268.grf 28553472000
query_00269.grf 12847680
query_00270.grf 520611840
query_00271.grf 105131520
query_00272.grf 229920768
query_00273.grf 4665600
query_00274.grf 1497139200
query_00275.grf 23648993280
query_00276.grf 1914865920
query_00277.grf 1152000
query_00278.grf 218050560
query_00279.grf 11607515136
query_00280.grf 6912000
query_00281.grf 4270024704
query_00282.grf 135475200
query_00283.grf 228096000
query_00284.grf 1528416000
query_00285.grf 9938880
query_00286.grf 6331115520
query_00287.grf 221184
query_00288.grf 68032923840
query_00289.grf 396804096
query_00290.grf 1121040
query_00291.grf 172852641792
query_00292.grf 38320128000
query_00293.grf 63977472000
query_00294.grf 32514048
query_00295.grf 130056192000
query_00296.grf 84913920
query_00297.grf 2177280
query_00298.grf 1524096000
query_00299.grf 13082112000
