query_00000.grf 5
query_00001.grf 53903
query_00002.grf 762
query_00003.grf 4
query_00004.grf 312
query_00005.grf 1
query_00006.grf 17028
query_00007.grf 64731
query_00008.grf 190
query_00009.grf 2130
query_00010.grf 450
query_00011.grf 17024
query_00012.grf 36
query_00013.grf 124463
query_00014.grf 4024
query_00015.grf 1838
query_00016.grf 271726
query_00017.grf 1352
query_00018.grf 1180
query_00019.grf 203196
query_00020.grf 1058
query_00021.grf 1
query_00022.grf 15
query_00023.grf 8
query_00024.grf 10
query_00025.grf 634
query_00026.grf 18
query_00027.grf 186314
query_00028.grf 13
query_00029.grf 334743
query_00030.grf 1
query_00031.grf 360
query_00032.grf 16
query_00033.grf 45180
query_00034.grf 1
query_00035.grf 8
query_00036.grf 72
query_00037.grf 122256
query_00038.grf 76
query_00039.grf 2
query_00040.grf 1
query_00041.grf 34
query_00042.grf 24
query_00043.grf 120563
query_00044.grf 1
query_00045.grf 1986668
query_00046.grf 1070
query_00047.grf 307
query_00048.grf 12
query_00049.grf 4205
query_00050.grf 215
query_00051.grf 468
query_00052.grf 58
query_00053.grf 9453
query_00054.grf 25
query_00055.grf 56932
query_00056.grf 1188
query_00057.grf 170987
query_00058.grf 129
query_00059.grf 12
query_00060.grf 22572
query_00061.grf 306
query_00062.grf 964
query_00063.grf 1
query_00064.grf 363
query_00065.grf 5460
query_00066.grf 24
query_00067.grf 22467
query_00068.grf 2
query_00069.grf 27168
query_00070.grf 1356
query_00071.grf 164
query_00072.grf 37527
query_00073.grf 3260
query_00074.grf 479364
query_00075.grf 3991
query_00076.grf 46090
query_00077.grf 2
query_00078.grf 2747
query_00079.grf 53
query_00080.grf 5868
query_00081.grf 41468
query_00082.grf 612
query_00083.grf 4209018
query_00084.grf 936
query_00085.grf 3456
query_00086.grf 1156
query_00087.grf 353
query_00088.grf 2636
query_00089.grf 24
query_00090.grf 43186
query_00091.grf 336
query_00092.grf 11748
query_00093.grf 6
query_00094.grf 8180
query_00095.grf 3
query_00096.grf 33
query_00097.grf 23648
query_00098.grf 1
query_00099.grf 2516
query_00100.grf 42
query_00101.grf 7986
query_00102.grf 300
query_00103.grf 474
query_00104.grf 4290
query_00105.grf 6
query_00106.grf 3044
query_00107.grf 10928
query_00108.grf 14634
query_00109.grf 3669
query_00110.grf 16
query_00111.grf 33975
query_00112.grf 751
query_00113.grf 4
query_00114.grf 5326
query_00115.grf 47
query_00116.grf 31
query_00117.grf 7756
query_00118.grf 127
query_00119.grf 1
query_00120.grf 865658
query_00121.grf 174
query_00122.grf 13389
query_00123.grf 118375
query_00124.grf 121565
query_00125.grf 290
query_00126.grf 1173
query_00127.grf 640
query_00128.grf 528482
query_00129.grf 84447
query_00130.grf 133618
query_00131.grf 42
query_00132.grf 76
query_00133.grf 183380
query_00134.grf 54
query_00135.grf 576
query_00136.grf 11563
query_00137.grf 506
query_00138.grf 1004
query_00139.grf 264
query_00140.grf 228
query_00141.grf 12
query_00142.grf 73035
query_00143.grf 186178
query_00144.grf 14
query_00145.grf 634554
query_00146.grf 380191
query_00147.grf 207960
query_00148.grf 53
query_00149.grf 15
query_00150.grf 5
query_00151.grf 1422
query_00152.grf 515066
query_00153.grf 112
query_00154.grf 407
query_00155.grf 69
query_00156.grf 24
query_00157.grf 63
query_00158.grf 741354
query_00159.grf 448
query_00160.grf 2472
query_00161.grf 4
query_00162.grf 4
query_00163.grf 3218
query_00164.grf 53132
query_00165.grf 23
query_00166.grf 1
query_00167.grf 2860876
query_00168.grf 245
query_00169.grf 1
query_00170.grf 10
query_00171.grf 763
query_00172.grf 1273
query_00173.grf 525
query_00174.grf 21
query_00175.grf 81
query_00176.grf 191
query_00177.grf 725
query_00178.grf 12
query_00179.grf 1316
query_00180.grf 1044
query_00181.grf 333281
query_00182.grf 276
query_00183.grf 74732
query_00184.grf 1517
query_00185.grf 30
query_00186.grf 529
query_00187.grf 7567
query_00188.grf 1
query_00189.grf 2308
query_00190.grf 1625
query_00191.grf 234
query_00192.grf 329310
query_00193.grf 4
query_00194.grf 773
query_00195.grf 584
query_00196.grf 55928
query_00197.grf 241
query_00198.grf 216
query_00199.grf 3184
query_00200.grf 618
query_00201.grf 1552
query_00202.grf 64
query_00203.grf 2
query_00204.grf 2
query_00205.grf 503
query_00206.grf 57234
query_00207.grf 1740
query_00208.grf 416697
query_00209.grf 138
query_00210.grf 14
query_00211.grf 86312
query_00212.grf 152
query_00213.grf 24927
query_00214.grf 13702
query_00215.grf 91
query_00216.grf 148210
query_00217.grf 199650
query_00218.grf 8
query_00219.grf 1
query_00220.grf 234164
query_00221.grf 968
query_00222.grf 87
query_00223.grf 5
query_00224.grf 392
query_00225.grf 155384
query_00226.grf 4566
query_00227.grf 388112
query_00228.grf 1592
query_00229.grf 1789
query_00230.grf 6812
query_00231.grf 2544
query_00232.grf 65196
query_00233.grf 3316
query_00234.grf 33
query_00235.grf 2
query_00236.grf 60
query_00237.grf 19640
query_00238.grf 993
query_00239.grf 2
query_00240.grf 202
query_00241.grf 150303
query_00242.grf 3
query_00243.grf 19496
query_00244.grf 21129
query_00245.grf 20
query_00246.grf 9158
query_00247.grf 2
query_00248.grf 158
query_00249.grf 13
query_00250.grf 4213
query_00251.grf 29
query_00252.grf 6
query_00253.grf 150
query_00254.grf 48
query_00255.grf 174050
query_00256.grf 5259
query_00257.grf 4
query_00258.grf 4302
query_00259.grf 1986668
query_00260.grf 242
query_00261.grf 94421
query_00262.grf 5
query_00263.grf 532
query_00264.grf 65922
query_00265.grf 969
query_00266.grf 6408
query_00267.grf 20182
query_00268.grf 2
query_00269.grf 121313
query_00270.grf 84
query_00271.grf 138900
query_00272.grf 5689
query_00273.grf 59
query_00274.grf 28
query_00275.grf 235829
query_00276.grf 196
query_00277.grf 165276
query_00278.grf 4
query_00279.grf 40254
query_00280.grf 2382
query_00281.grf 150522
query_00282.grf 17674
query_00283.grf 3150
query_00284.grf 6692
query_00285.grf 296
query_00286.grf 487
query_00287.grf 46345
query_00288.grf 326
query_00289.grf 1
query_00290.grf 410
query_00291.grf 36946
query_00292.grf 92
query_00293.grf 231
query_00294.grf 180
query_00295.grf 16
query_00296.grf 2626
query_00297.grf 77
query_00298.grf 9746
query_00299.grf 8
